<?xml version="1.0" encoding="UTF-8"?>
<!-- Generated by org.testng.reporters.JUnitReportReporter -->
<testsuite hostname="DESKTOP-SIQ2MRL" failures="0" tests="1" name="day8.TestNGExamples.TestCase2" time="0.033" errors="0" timestamp="2022-10-18T18:49:28 IST" skipped="0">
  <testcase classname="day8.TestNGExamples.TestCase2" name="tc2" time="0.033"/>
  <system-out/>
</testsuite> <!-- day8.TestNGExamples.TestCase2 -->
