<?xml version="1.0" encoding="UTF-8"?>
<!-- Generated by org.testng.reporters.JUnitReportReporter -->
<testsuite hostname="DESKTOP-SIQ2MRL" failures="0" tests="1" name="day8.TestNGExamples.TestCase1" time="0.034" errors="0" timestamp="2022-10-18T18:24:17 IST" skipped="0">
  <testcase classname="day8.TestNGExamples.TestCase1" name="f" time="0.034"/>
  <system-out/>
</testsuite> <!-- day8.TestNGExamples.TestCase1 -->
