<?xml version="1.0" encoding="UTF-8"?>
<!-- Generated by org.testng.reporters.JUnitReportReporter -->
<testsuite hostname="DESKTOP-SIQ2MRL" failures="0" tests="1" name="day8.TestNGExamples.Example7" time="23.752" errors="0" timestamp="2022-10-19T08:59:03 IST" skipped="0">
  <testcase classname="day8.TestNGExamples.Example7" name="loginLogoutInActitimeApplication" time="23.752"/>
  <system-out/>
</testsuite> <!-- day8.TestNGExamples.Example7 -->
