<?xml version="1.0" encoding="UTF-8"?>
<!-- Generated by org.testng.reporters.JUnitReportReporter -->
<testsuite hostname="DESKTOP-SIQ2MRL" failures="0" tests="4" name="day8.TestNGExamples.TestCase3" time="0.028" errors="0" timestamp="2022-10-18T19:18:32 IST" skipped="0">
  <testcase classname="day8.TestNGExamples.TestCase3" name="tc3" time="0.002"/>
  <system-out/>
  <testcase classname="day8.TestNGExamples.TestCase3" name="tc1" time="0.022"/>
  <system-out/>
  <testcase classname="day8.TestNGExamples.TestCase3" name="tc2" time="0.002"/>
  <system-out/>
  <testcase classname="day8.TestNGExamples.TestCase3" name="tc4" time="0.002"/>
  <system-out/>
</testsuite> <!-- day8.TestNGExamples.TestCase3 -->
