<?xml version="1.0" encoding="UTF-8"?>
<!-- Generated by org.testng.reporters.JUnitReportReporter -->
<testsuite hostname="DESKTOP-SIQ2MRL" failures="0" tests="2" name="day8.TestNGExamples.TestCase4" time="0.023" errors="0" timestamp="2022-10-18T19:28:18 IST" skipped="0">
  <testcase classname="day8.TestNGExamples.TestCase4" name="tc1" time="0.020"/>
  <system-out/>
  <testcase classname="day8.TestNGExamples.TestCase4" name="tc2" time="0.003"/>
  <system-out/>
</testsuite> <!-- day8.TestNGExamples.TestCase4 -->
